<?xml version="1.0" encoding="UTF-8"?>
<testng-results ignored="0" total="1" passed="1" failed="0" skipped="0">
  <reporter-output>
  </reporter-output>
  <suite started-at="2022-11-16T18:29:56 IST" name="Suite" finished-at="2022-11-16T18:30:04 IST" duration-ms="7460">
    <groups>
    </groups>
    <test started-at="2022-11-16T18:29:56 IST" name="Test" finished-at="2022-11-16T18:30:04 IST" duration-ms="7460">
      <class name="org.testNG2.Parameterization">
        <test-method signature="verifyDashboardTitle(java.lang.String,java.lang.String)[pri:0, instance:org.testNG2.Parameterization@2c35e847]" started-at="2022-11-16T18:29:56 IST" name="verifyDashboardTitle" finished-at="2022-11-16T18:30:04 IST" duration-ms="7424" status="PASS">
          <params>
            <param index="0">
              <value>
                <![CDATA[Admin]]>
              </value>
            </param>
            <param index="1">
              <value>
                <![CDATA[admin123]]>
              </value>
            </param>
          </params>
          <reporter-output>
          </reporter-output>
        </test-method> <!-- verifyDashboardTitle -->
      </class> <!-- org.testNG2.Parameterization -->
    </test> <!-- Test -->
  </suite> <!-- Suite -->
</testng-results>
